<?xml version="1.0" encoding="UTF-8"?>
<testng-results ignored="0" total="5" passed="5" failed="0" skipped="0">
  <reporter-output>
  </reporter-output>
  <suite started-at="2025-04-04T16:39:32 EET" name="Default suite" finished-at="2025-04-04T16:39:40 EET" duration-ms="7995">
    <groups>
    </groups>
    <test started-at="2025-04-04T16:39:32 EET" name="Default test" finished-at="2025-04-04T16:39:40 EET" duration-ms="7995">
      <class name="testcases.ProductDataDrivenTest">
        <test-method is-config="true" signature="setup()[pri:0, instance:testcases.ProductDataDrivenTest@2bdd8394]" started-at="2025-04-04T16:39:32 EET" name="setup" finished-at="2025-04-04T16:39:33 EET" duration-ms="541" status="PASS">
          <reporter-output>
          </reporter-output>
        </test-method> <!-- setup -->
        <test-method signature="testAddNewProduct(java.util.Map)[pri:0, instance:testcases.ProductDataDrivenTest@2bdd8394]" started-at="2025-04-04T16:39:33 EET" name="testAddNewProduct" data-provider="jsonDataProvider" finished-at="2025-04-04T16:39:37 EET" duration-ms="4066" status="PASS">
          <params>
            <param index="0">
              <value>
                <![CDATA[{title=Wireless Mouse, price=25.99, description=Ergonomic wireless mouse with adjustable DPI., image=https://i.pravatar.cc/100, category=electronic}]]>
              </value>
            </param>
          </params>
          <reporter-output>
          </reporter-output>
        </test-method> <!-- testAddNewProduct -->
        <test-method signature="testAddNewProduct(java.util.Map)[pri:0, instance:testcases.ProductDataDrivenTest@2bdd8394]" started-at="2025-04-04T16:39:37 EET" name="testAddNewProduct" data-provider="jsonDataProvider" finished-at="2025-04-04T16:39:38 EET" duration-ms="913" status="PASS">
          <params>
            <param index="0">
              <value>
                <![CDATA[{title=Gaming Keyboard, price=49.99, description=Mechanical gaming keyboard with RGB backlight., image=https://i.pravatar.cc/101, category=electronic}]]>
              </value>
            </param>
          </params>
          <reporter-output>
          </reporter-output>
        </test-method> <!-- testAddNewProduct -->
        <test-method signature="testAddNewProduct(java.util.Map)[pri:0, instance:testcases.ProductDataDrivenTest@2bdd8394]" started-at="2025-04-04T16:39:38 EET" name="testAddNewProduct" data-provider="jsonDataProvider" finished-at="2025-04-04T16:39:39 EET" duration-ms="730" status="PASS">
          <params>
            <param index="0">
              <value>
                <![CDATA[{title=Bluetooth Headphones, price=79.99, description=Noise-canceling over-ear headphones with deep bass., image=https://i.pravatar.cc/102, category=electronics}]]>
              </value>
            </param>
          </params>
          <reporter-output>
          </reporter-output>
        </test-method> <!-- testAddNewProduct -->
        <test-method signature="testAddNewProduct(java.util.Map)[pri:0, instance:testcases.ProductDataDrivenTest@2bdd8394]" started-at="2025-04-04T16:39:39 EET" name="testAddNewProduct" data-provider="jsonDataProvider" finished-at="2025-04-04T16:39:39 EET" duration-ms="588" status="PASS">
          <params>
            <param index="0">
              <value>
                <![CDATA[{title=Smart Watch, price=129.99, description=Fitness smartwatch with heart rate monitor and GPS., image=https://i.pravatar.cc/103, category=wearables}]]>
              </value>
            </param>
          </params>
          <reporter-output>
          </reporter-output>
        </test-method> <!-- testAddNewProduct -->
        <test-method signature="testAddNewProduct(java.util.Map)[pri:0, instance:testcases.ProductDataDrivenTest@2bdd8394]" started-at="2025-04-04T16:39:39 EET" name="testAddNewProduct" data-provider="jsonDataProvider" finished-at="2025-04-04T16:39:40 EET" duration-ms="572" status="PASS">
          <params>
            <param index="0">
              <value>
                <![CDATA[{title=Portable Speaker, price=39.99, description=Waterproof Bluetooth speaker with 12-hour battery life., image=https://i.pravatar.cc/104, category=audio}]]>
              </value>
            </param>
          </params>
          <reporter-output>
          </reporter-output>
        </test-method> <!-- testAddNewProduct -->
      </class> <!-- testcases.ProductDataDrivenTest -->
    </test> <!-- Default test -->
  </suite> <!-- Default suite -->
</testng-results>
