<?xml version="1.0" encoding="UTF-8"?>
<!-- Generated by org.testng.reporters.JUnitXMLReporter -->
<testsuite ignored="0" hostname="DESKTOP-UA31QE0" failures="0" tests="10" name="API Tests" time="6.792" errors="0" timestamp="2025-04-04T20:53:01 EET">
  <testcase classname="testcases.ProductTests" name="testAddNewProduct" time="2.922"/>
  <testcase classname="testcases.ProductTests" name="testDeleteProduct" time="0.365"/>
  <testcase classname="testcases.ProductTests" name="testGetAllCategories" time="0.574"/>
  <testcase classname="testcases.ProductTests" name="testGetAllProducts" time="0.294"/>
  <testcase classname="testcases.ProductTests" name="testGetLimitedProducts" time="0.303"/>
  <testcase classname="testcases.ProductTests" name="testGetProductsByCategory" time="0.475"/>
  <testcase classname="testcases.ProductTests" name="testGetSingleProductById" time="0.226"/>
  <testcase classname="testcases.ProductTests" name="testGetSortedProducts" time="0.265"/>
  <testcase classname="testcases.ProductTests" name="testGetSortedProductsAsc" time="0.251"/>
  <testcase classname="testcases.ProductTests" name="testUpdateProduct" time="0.225"/>
</testsuite> <!-- API Tests -->
