<?xml version="1.0" encoding="UTF-8"?>
<!-- Generated by org.testng.reporters.JUnitXMLReporter -->
<testsuite ignored="0" hostname="DESKTOP-UA31QE0" failures="0" tests="10" name="API Tests" time="6.32" errors="0" timestamp="2025-04-04T20:49:38 EET">
  <testcase classname="testcases.ProductTests" name="testAddNewProduct" time="3.123"/>
  <testcase classname="testcases.ProductTests" name="testDeleteProduct" time="0.368"/>
  <testcase classname="testcases.ProductTests" name="testGetAllCategories" time="0.258"/>
  <testcase classname="testcases.ProductTests" name="testGetAllProducts" time="0.256"/>
  <testcase classname="testcases.ProductTests" name="testGetLimitedProducts" time="0.234"/>
  <testcase classname="testcases.ProductTests" name="testGetProductsByCategory" time="0.37"/>
  <testcase classname="testcases.ProductTests" name="testGetSingleProductById" time="0.218"/>
  <testcase classname="testcases.ProductTests" name="testGetSortedProducts" time="0.241"/>
  <testcase classname="testcases.ProductTests" name="testGetSortedProductsAsc" time="0.241"/>
  <testcase classname="testcases.ProductTests" name="testUpdateProduct" time="0.227"/>
</testsuite> <!-- API Tests -->
