<?xml version="1.0" encoding="UTF-8"?>
<!-- Generated by org.testng.reporters.JUnitXMLReporter -->
<testsuite ignored="0" hostname="DESKTOP-UA31QE0" failures="0" tests="10" name="Cart Tests" time="3.558" errors="0" timestamp="2025-04-06T15:20:23 EET">
  <testcase classname="testcases.CartTests" name="testCreateCart" time="0.287"/>
  <testcase classname="testcases.CartTests" name="testDeleteCart" time="0.32"/>
  <testcase classname="testcases.CartTests" name="testGetAllCarts" time="0.364"/>
  <testcase classname="testcases.CartTests" name="testGetCartById" time="0.334"/>
  <testcase classname="testcases.CartTests" name="testGetCartsByDateRange" time="0.396"/>
  <testcase classname="testcases.CartTests" name="testGetCartsSorted" time="0.331"/>
  <testcase classname="testcases.CartTests" name="testGetCartsSortedAsc" time="0.34"/>
  <testcase classname="testcases.CartTests" name="testGetCartsWithLimit" time="0.34"/>
  <testcase classname="testcases.CartTests" name="testGetUserCart" time="0.482"/>
  <testcase classname="testcases.CartTests" name="testUpdateCart" time="0.274"/>
</testsuite> <!-- Cart Tests -->
