<?xml version="1.0" encoding="UTF-8"?>
<!-- Generated by org.testng.reporters.JUnitXMLReporter -->
<testsuite ignored="0" hostname="DESKTOP-UA31QE0" failures="0" tests="10" name="Product Tests" time="8.389" errors="0" timestamp="2025-04-06T15:20:20 EET">
  <testcase classname="testcases.ProductTests" name="testAddNewProduct" time="4.626"/>
  <testcase classname="testcases.ProductTests" name="testDeleteProduct" time="0.349"/>
  <testcase classname="testcases.ProductTests" name="testGetAllCategories" time="0.264"/>
  <testcase classname="testcases.ProductTests" name="testGetAllProducts" time="0.287"/>
  <testcase classname="testcases.ProductTests" name="testGetLimitedProducts" time="0.292"/>
  <testcase classname="testcases.ProductTests" name="testGetProductsByCategory" time="0.478"/>
  <testcase classname="testcases.ProductTests" name="testGetSingleProductById" time="0.214"/>
  <testcase classname="testcases.ProductTests" name="testGetSortedProducts" time="0.25"/>
  <testcase classname="testcases.ProductTests" name="testGetSortedProductsAsc" time="0.257"/>
  <testcase classname="testcases.ProductTests" name="testUpdateProduct" time="0.399"/>
</testsuite> <!-- Product Tests -->
