<?xml version="1.0" encoding="UTF-8"?>
<!-- Generated by org.testng.reporters.JUnitXMLReporter -->
<testsuite ignored="0" hostname="DESKTOP-UA31QE0" failures="0" tests="8" name="User Tests" time="8.12" errors="0" timestamp="2025-04-06T15:20:20 EET">
  <testcase classname="testcases.UserTests" name="testCreateUser" time="4.625"/>
  <testcase classname="testcases.UserTests" name="testDeleteUser" time="0.361"/>
  <testcase classname="testcases.UserTests" name="testGetAllUsers" time="0.392"/>
  <testcase classname="testcases.UserTests" name="testGetUserById" time="0.325"/>
  <testcase classname="testcases.UserTests" name="testGetUsersSorted" time="0.524"/>
  <testcase classname="testcases.UserTests" name="testGetUsersSortedAsc" time="0.338"/>
  <testcase classname="testcases.UserTests" name="testGetUsersWithLimit" time="0.34"/>
  <testcase classname="testcases.UserTests" name="testUpdateUser" time="0.246"/>
</testsuite> <!-- User Tests -->
