<?xml version="1.0" encoding="UTF-8"?>
<!-- Generated by org.testng.reporters.JUnitXMLReporter -->
<testsuite ignored="0" hostname="DESKTOP-UA31QE0" failures="0" tests="3" name="Default test" time="3.995" errors="0" timestamp="2025-04-06T16:06:08 EET">
  <testcase classname="testcases.SchemaTests" name="testCartSchema" time="2.767"/>
  <testcase classname="testcases.SchemaTests" name="testProductSchema" time="0.236"/>
  <testcase classname="testcases.SchemaTests" name="testUserSchema" time="0.384"/>
</testsuite> <!-- Default test -->
