<?xml version="1.0" encoding="UTF-8"?>
<!-- Generated by org.testng.reporters.JUnitXMLReporter -->
<testsuite ignored="0" hostname="DESKTOP-UA31QE0" failures="0" tests="5" name="Default test" time="7.995" errors="0" timestamp="2025-04-04T16:39:40 EET">
  <testcase classname="testcases.ProductDataDrivenTest" name="testAddNewProduct" time="4.066"/>
  <testcase classname="testcases.ProductDataDrivenTest" name="testAddNewProduct" time="0.913"/>
  <testcase classname="testcases.ProductDataDrivenTest" name="testAddNewProduct" time="0.73"/>
  <testcase classname="testcases.ProductDataDrivenTest" name="testAddNewProduct" time="0.588"/>
  <testcase classname="testcases.ProductDataDrivenTest" name="testAddNewProduct" time="0.572"/>
</testsuite> <!-- Default test -->
